<?xml version="1.0" encoding="UTF-8"?>
<testng-results ignored="0" total="1" passed="1" failed="0" skipped="0">
  <reporter-output>
  </reporter-output>
  <suite started-at="2023-03-18T15:37:20 ICT" name="Default suite" finished-at="2023-03-18T15:37:37 ICT" duration-ms="17379">
    <groups>
    </groups>
    <test started-at="2023-03-18T15:37:20 ICT" name="Default test" finished-at="2023-03-18T15:37:37 ICT" duration-ms="17379">
      <class name="com.automation.testcase.TC_28">
        <test-method is-config="true" signature="StartBrowser()[pri:0, instance:com.automation.testcase.TC_28@3bf9ce3e]" started-at="2023-03-18T15:37:20 ICT" name="StartBrowser" finished-at="2023-03-18T15:37:22 ICT" duration-ms="2084" status="PASS">
          <reporter-output>
          </reporter-output>
        </test-method> <!-- StartBrowser -->
        <test-method signature="TC01()[pri:0, instance:com.automation.testcase.TC_28@3bf9ce3e]" started-at="2023-03-18T15:37:22 ICT" name="TC01" finished-at="2023-03-18T15:37:37 ICT" duration-ms="15244" status="PASS">
          <reporter-output>
          </reporter-output>
        </test-method> <!-- TC01 -->
        <test-method is-config="true" signature="CloseBrowser()[pri:0, instance:com.automation.testcase.TC_28@3bf9ce3e]" started-at="2023-03-18T15:37:37 ICT" name="CloseBrowser" finished-at="2023-03-18T15:37:37 ICT" duration-ms="0" status="PASS">
          <reporter-output>
          </reporter-output>
        </test-method> <!-- CloseBrowser -->
      </class> <!-- com.automation.testcase.TC_28 -->
    </test> <!-- Default test -->
  </suite> <!-- Default suite -->
</testng-results>
